<!DOCTYPE html>
<html lang="zh-cn">
  <head>
    <meta charset="utf-8">
    <meta http-equiv="X-UA-Compatible" content="IE=edge">
    <meta name="viewport" content="width=device-width, initial-scale=1">
    <meta http-equiv="Content-Type" content="text/html; charset=UTF-8"/>
    <title>Test Report</title>
    <meta name="generator" content="BSTestRunner 0.8.4"/>
    <link rel="stylesheet" href="http://cdn.bootcss.com/bootstrap/3.3.0/css/bootstrap.min.css">
    
<style type="text/css" media="screen">

/* -- css div popup ------------------------------------------------------------------------ */
.popup_window {
    display: none;
    position: relative;
    left: 0px;
    top: 0px;
    /*border: solid #627173 1px; */
    padding: 10px;
    background-color: #99CCFF;
    font-family: "Lucida Console", "Courier New", Courier, monospace;
    text-align: left;
    font-size: 10pt;
    width: 500px;
}

/* -- report ------------------------------------------------------------------------ */

#show_detail_line .label {
    font-size: 85%;
    cursor: pointer;
}

#show_detail_line {
    margin: 2em auto 1em auto;
}

#total_row  { font-weight: bold; }
.hiddenRow  { display: none; }
.testcase   { margin-left: 2em; }

</style>


    <!-- HTML5 shim and Respond.js for IE8 support of HTML5 elements and media queries -->
    <!-- WARNING: Respond.js doesn't work if you view the page via file:// -->
    <!--[if lt IE 9]>
      <script src="http://cdn.bootcss.com/html5shiv/3.7.2/html5shiv.min.js"></script>
      <script src="http://cdn.bootcss.com/respond.js/1.4.2/respond.min.js"></script>
    <![endif]-->
  </head>
<body>
<script language="javascript" type="text/javascript"><!--
output_list = Array();

/* level - 0:Summary; 1:Failed; 2:All */
function showCase(level) {
    trs = document.getElementsByTagName("tr");
    for (var i = 0; i < trs.length; i++) {
        tr = trs[i];
        id = tr.id;
        if (id.substr(0,2) == 'ft') {
            if (level < 1) {
                tr.className = 'hiddenRow';
            }
            else {
                tr.className = '';
            }
        }
        if (id.substr(0,2) == 'pt') {
            if (level > 1) {
                tr.className = '';
            }
            else {
                tr.className = 'hiddenRow';
            }
        }
    }
}


function showClassDetail(cid, count) {
    var id_list = Array(count);
    var toHide = 1;
    for (var i = 0; i < count; i++) {
        tid0 = 't' + cid.substr(1) + '.' + (i+1);
        tid = 'f' + tid0;
        tr = document.getElementById(tid);
        if (!tr) {
            tid = 'p' + tid0;
            tr = document.getElementById(tid);
        }
        id_list[i] = tid;
        if (tr.className) {
            toHide = 0;
        }
    }
    for (var i = 0; i < count; i++) {
        tid = id_list[i];
        if (toHide) {
            document.getElementById('div_'+tid).style.display = 'none'
            document.getElementById(tid).className = 'hiddenRow';
        }
        else {
            document.getElementById(tid).className = '';
        }
    }
}


function showTestDetail(div_id){
    var details_div = document.getElementById(div_id)
    var displayState = details_div.style.display
    // alert(displayState)
    if (displayState != 'block' ) {
        displayState = 'block'
        details_div.style.display = 'block'
    }
    else {
        details_div.style.display = 'none'
    }
}


function html_escape(s) {
    s = s.replace(/&/g,'&amp;');
    s = s.replace(/</g,'&lt;');
    s = s.replace(/>/g,'&gt;');
    return s;
}

/* obsoleted by detail in <div>
function showOutput(id, name) {
    var w = window.open("", //url
                    name,
                    "resizable,scrollbars,status,width=800,height=450");
    d = w.document;
    d.write("<pre>");
    d.write(html_escape(output_list[id]));
    d.write("\n");
    d.write("<a href='javascript:window.close()'>close</a>\n");
    d.write("</pre>\n");
    d.close();
}
*/
--></script>

<div class="container">
    <div class='heading'>
<h1>Test Report</h1>
<p><strong>Start Time:</strong> 2023-04-12 21:41:09</p>
<p><strong>Duration:</strong> 0:01:58.193304</p>
<p><strong>Status:</strong> <span class="text text-success">Pass <strong>1</strong></span> <span class="text text-warning">Error <strong>5</strong></span></p>

<p class='description'>login test</p>
</div>


    
<p id='show_detail_line'>
<span class="label label-primary" onclick="showCase(0)">Summary</span>
<span class="label label-danger" onclick="showCase(1)">Failed</span>
<span class="label label-default" onclick="showCase(2)">All</span>
</p>
<table id='result_table' class="table">
    <thead>
        <tr id='header_row'>
            <th>Test Group/Test case</td>
            <th>Count</td>
            <th>Pass</td>
            <th>Fail</td>
            <th>Error</td>
            <th>View</td>
        </tr>
    </thead>
    <tbody>
        
<tr class='text text-warning'>
    <td>test_program_development.TestProgramDevelopment</td>
    <td>6</td>
    <td>1</td>
    <td>0</td>
    <td>5</td>
    <td><a class="btn btn-xs btn-primary"href="javascript:showClassDetail('c1',6)">Detail</a></td>
</tr>

<tr id='pt1.1' class='hiddenRow'>
    <td class='text text-success'><div class='testcase'>test_python_section_3_20</div></td>
    <td colspan='5' align='center'>

    <!--css div popup start-->
    <a class="popup_link btn btn-xs btn-default" onfocus='this.blur();' href="javascript:showTestDetail('div_pt1.1')" >
        pass</a>

    <div id='div_pt1.1' class="popup_window">
        <div style='text-align: right;cursor:pointer'>
        <a onfocus='this.blur();' onclick="document.getElementById('div_pt1.1').style.display = 'none' " >
           [x]</a>
        </div>
        <pre>
        
pt1.1: /Users/mac/Desktop/pythonProject/UI_auto_test/config/test_environment_address.xlsx


        </pre>
    </div>
    <!--css div popup end-->

    </td>
</tr>

<tr id='ft1.2' class='text text-success'>
    <td class='text text-warning'><div class='testcase'>test_python_section_3_21</div></td>
    <td colspan='5' align='center'>

    <!--css div popup start-->
    <a class="popup_link btn btn-xs btn-default" onfocus='this.blur();' href="javascript:showTestDetail('div_ft1.2')" >
        error</a>

    <div id='div_ft1.2' class="popup_window">
        <div style='text-align: right;cursor:pointer'>
        <a onfocus='this.blur();' onclick="document.getElementById('div_ft1.2').style.display = 'none' " >
           [x]</a>
        </div>
        <pre>
        
ft1.2: /Users/mac/Desktop/pythonProject/UI_auto_test/config/test_environment_address.xlsx
/Users/mac/Desktop/pythonProject/UI_auto_test/config/test_environment_address.xlsx
Traceback (most recent call last):
  File "/Users/mac/Desktop/pythonProject/UI_auto_test/test_case/test_program_development.py", line 12, in test_python_section_3_21
    ProgramDevelopment(self.driver).python_section_3_21()
  File "/Users/mac/Desktop/pythonProject/UI_auto_test/pubilc/pages/business_functions/program_development.py", line 40, in python_section_3_21
    selenium_auto_cource_element.click()
  File "/Users/mac/Desktop/pythonProject/UI_auto_test/venv/lib/python3.10/site-packages/selenium/webdriver/remote/webelement.py", line 94, in click
    self._execute(Command.CLICK_ELEMENT)
  File "/Users/mac/Desktop/pythonProject/UI_auto_test/venv/lib/python3.10/site-packages/selenium/webdriver/remote/webelement.py", line 404, in _execute
    return self._parent.execute(command, params)
  File "/Users/mac/Desktop/pythonProject/UI_auto_test/venv/lib/python3.10/site-packages/selenium/webdriver/remote/webdriver.py", line 440, in execute
    self.error_handler.check_response(response)
  File "/Users/mac/Desktop/pythonProject/UI_auto_test/venv/lib/python3.10/site-packages/selenium/webdriver/remote/errorhandler.py", line 245, in check_response
    raise exception_class(message, screen, stacktrace)
selenium.common.exceptions.StaleElementReferenceException: Message: stale element reference: element is not attached to the page document
  (Session info: headless chrome=112.0.5615.49)
Stacktrace:
0   chromedriver                        0x000000010cf0aae8 chromedriver + 4958952
1   chromedriver                        0x000000010cf027b3 chromedriver + 4925363
2   chromedriver                        0x000000010cac41d6 chromedriver + 475606
3   chromedriver                        0x000000010cac8274 chromedriver + 492148
4   chromedriver                        0x000000010cac7e56 chromedriver + 491094
5   chromedriver                        0x000000010cac82fc chromedriver + 492284
6   chromedriver                        0x000000010cb09e29 chromedriver + 761385
7   chromedriver                        0x000000010cafa181 chromedriver + 696705
8   chromedriver                        0x000000010cb2dc12 chromedriver + 908306
9   chromedriver                        0x000000010caf98f1 chromedriver + 694513
10  chromedriver                        0x000000010cb2ddce chromedriver + 908750
11  chromedriver                        0x000000010cb4925b chromedriver + 1020507
12  chromedriver                        0x000000010cb2d9e3 chromedriver + 907747
13  chromedriver                        0x000000010caf7aef chromedriver + 686831
14  chromedriver                        0x000000010caf900e chromedriver + 692238
15  chromedriver                        0x000000010cec69ad chromedriver + 4680109
16  chromedriver                        0x000000010cecbc12 chromedriver + 4701202
17  chromedriver                        0x000000010ced279f chromedriver + 4728735
18  chromedriver                        0x000000010ceccb7a chromedriver + 4705146
19  chromedriver                        0x000000010ce9f27e chromedriver + 4518526
20  chromedriver                        0x000000010ceec908 chromedriver + 4835592
21  chromedriver                        0x000000010ceeca87 chromedriver + 4835975
22  chromedriver                        0x000000010cefc00f chromedriver + 4898831
23  libsystem_pthread.dylib             0x00007ff811d6b259 _pthread_start + 125
24  libsystem_pthread.dylib             0x00007ff811d66c7b thread_start + 15



        </pre>
    </div>
    <!--css div popup end-->

    </td>
</tr>

<tr id='ft1.3' class='text text-success'>
    <td class='text text-warning'><div class='testcase'>test_python_section_3_22</div></td>
    <td colspan='5' align='center'>

    <!--css div popup start-->
    <a class="popup_link btn btn-xs btn-default" onfocus='this.blur();' href="javascript:showTestDetail('div_ft1.3')" >
        error</a>

    <div id='div_ft1.3' class="popup_window">
        <div style='text-align: right;cursor:pointer'>
        <a onfocus='this.blur();' onclick="document.getElementById('div_ft1.3').style.display = 'none' " >
           [x]</a>
        </div>
        <pre>
        
ft1.3: /Users/mac/Desktop/pythonProject/UI_auto_test/config/test_environment_address.xlsx
/Users/mac/Desktop/pythonProject/UI_auto_test/config/test_environment_address.xlsx
/Users/mac/Desktop/pythonProject/UI_auto_test/config/test_environment_address.xlsx
Traceback (most recent call last):
  File "/Users/mac/Desktop/pythonProject/UI_auto_test/test_case/test_program_development.py", line 15, in test_python_section_3_22
    ProgramDevelopment(self.driver).python_section_3_22()
  File "/Users/mac/Desktop/pythonProject/UI_auto_test/pubilc/pages/business_functions/program_development.py", line 60, in python_section_3_22
    selenium_auto_cource_element.click()
  File "/Users/mac/Desktop/pythonProject/UI_auto_test/venv/lib/python3.10/site-packages/selenium/webdriver/remote/webelement.py", line 94, in click
    self._execute(Command.CLICK_ELEMENT)
  File "/Users/mac/Desktop/pythonProject/UI_auto_test/venv/lib/python3.10/site-packages/selenium/webdriver/remote/webelement.py", line 404, in _execute
    return self._parent.execute(command, params)
  File "/Users/mac/Desktop/pythonProject/UI_auto_test/venv/lib/python3.10/site-packages/selenium/webdriver/remote/webdriver.py", line 440, in execute
    self.error_handler.check_response(response)
  File "/Users/mac/Desktop/pythonProject/UI_auto_test/venv/lib/python3.10/site-packages/selenium/webdriver/remote/errorhandler.py", line 245, in check_response
    raise exception_class(message, screen, stacktrace)
selenium.common.exceptions.StaleElementReferenceException: Message: stale element reference: element is not attached to the page document
  (Session info: headless chrome=112.0.5615.49)
Stacktrace:
0   chromedriver                        0x000000010ead7ae8 chromedriver + 4958952
1   chromedriver                        0x000000010eacf7b3 chromedriver + 4925363
2   chromedriver                        0x000000010e6911d6 chromedriver + 475606
3   chromedriver                        0x000000010e695274 chromedriver + 492148
4   chromedriver                        0x000000010e694e56 chromedriver + 491094
5   chromedriver                        0x000000010e6952fc chromedriver + 492284
6   chromedriver                        0x000000010e6d6e29 chromedriver + 761385
7   chromedriver                        0x000000010e6c7181 chromedriver + 696705
8   chromedriver                        0x000000010e6fac12 chromedriver + 908306
9   chromedriver                        0x000000010e6c68f1 chromedriver + 694513
10  chromedriver                        0x000000010e6fadce chromedriver + 908750
11  chromedriver                        0x000000010e71625b chromedriver + 1020507
12  chromedriver                        0x000000010e6fa9e3 chromedriver + 907747
13  chromedriver                        0x000000010e6c4aef chromedriver + 686831
14  chromedriver                        0x000000010e6c600e chromedriver + 692238
15  chromedriver                        0x000000010ea939ad chromedriver + 4680109
16  chromedriver                        0x000000010ea98c12 chromedriver + 4701202
17  chromedriver                        0x000000010ea9f79f chromedriver + 4728735
18  chromedriver                        0x000000010ea99b7a chromedriver + 4705146
19  chromedriver                        0x000000010ea6c27e chromedriver + 4518526
20  chromedriver                        0x000000010eab9908 chromedriver + 4835592
21  chromedriver                        0x000000010eab9a87 chromedriver + 4835975
22  chromedriver                        0x000000010eac900f chromedriver + 4898831
23  libsystem_pthread.dylib             0x00007ff811d6b259 _pthread_start + 125
24  libsystem_pthread.dylib             0x00007ff811d66c7b thread_start + 15



        </pre>
    </div>
    <!--css div popup end-->

    </td>
</tr>

<tr id='ft1.4' class='text text-success'>
    <td class='text text-warning'><div class='testcase'>test_python_section_3_23</div></td>
    <td colspan='5' align='center'>

    <!--css div popup start-->
    <a class="popup_link btn btn-xs btn-default" onfocus='this.blur();' href="javascript:showTestDetail('div_ft1.4')" >
        error</a>

    <div id='div_ft1.4' class="popup_window">
        <div style='text-align: right;cursor:pointer'>
        <a onfocus='this.blur();' onclick="document.getElementById('div_ft1.4').style.display = 'none' " >
           [x]</a>
        </div>
        <pre>
        
ft1.4: /Users/mac/Desktop/pythonProject/UI_auto_test/config/test_environment_address.xlsx
/Users/mac/Desktop/pythonProject/UI_auto_test/config/test_environment_address.xlsx
/Users/mac/Desktop/pythonProject/UI_auto_test/config/test_environment_address.xlsx
/Users/mac/Desktop/pythonProject/UI_auto_test/config/test_environment_address.xlsx
Traceback (most recent call last):
  File "/Users/mac/Desktop/pythonProject/UI_auto_test/test_case/test_program_development.py", line 18, in test_python_section_3_23
    ProgramDevelopment(self.driver).python_section_3_23()
  File "/Users/mac/Desktop/pythonProject/UI_auto_test/pubilc/pages/business_functions/program_development.py", line 81, in python_section_3_23
    selenium_auto_cource_element.click()
  File "/Users/mac/Desktop/pythonProject/UI_auto_test/venv/lib/python3.10/site-packages/selenium/webdriver/remote/webelement.py", line 94, in click
    self._execute(Command.CLICK_ELEMENT)
  File "/Users/mac/Desktop/pythonProject/UI_auto_test/venv/lib/python3.10/site-packages/selenium/webdriver/remote/webelement.py", line 404, in _execute
    return self._parent.execute(command, params)
  File "/Users/mac/Desktop/pythonProject/UI_auto_test/venv/lib/python3.10/site-packages/selenium/webdriver/remote/webdriver.py", line 440, in execute
    self.error_handler.check_response(response)
  File "/Users/mac/Desktop/pythonProject/UI_auto_test/venv/lib/python3.10/site-packages/selenium/webdriver/remote/errorhandler.py", line 245, in check_response
    raise exception_class(message, screen, stacktrace)
selenium.common.exceptions.StaleElementReferenceException: Message: stale element reference: element is not attached to the page document
  (Session info: headless chrome=112.0.5615.49)
Stacktrace:
0   chromedriver                        0x000000010764cae8 chromedriver + 4958952
1   chromedriver                        0x00000001076447b3 chromedriver + 4925363
2   chromedriver                        0x00000001072061d6 chromedriver + 475606
3   chromedriver                        0x000000010720a274 chromedriver + 492148
4   chromedriver                        0x0000000107209e56 chromedriver + 491094
5   chromedriver                        0x000000010720a2fc chromedriver + 492284
6   chromedriver                        0x000000010724be29 chromedriver + 761385
7   chromedriver                        0x000000010723c181 chromedriver + 696705
8   chromedriver                        0x000000010726fc12 chromedriver + 908306
9   chromedriver                        0x000000010723b8f1 chromedriver + 694513
10  chromedriver                        0x000000010726fdce chromedriver + 908750
11  chromedriver                        0x000000010728b25b chromedriver + 1020507
12  chromedriver                        0x000000010726f9e3 chromedriver + 907747
13  chromedriver                        0x0000000107239aef chromedriver + 686831
14  chromedriver                        0x000000010723b00e chromedriver + 692238
15  chromedriver                        0x00000001076089ad chromedriver + 4680109
16  chromedriver                        0x000000010760dc12 chromedriver + 4701202
17  chromedriver                        0x000000010761479f chromedriver + 4728735
18  chromedriver                        0x000000010760eb7a chromedriver + 4705146
19  chromedriver                        0x00000001075e127e chromedriver + 4518526
20  chromedriver                        0x000000010762e908 chromedriver + 4835592
21  chromedriver                        0x000000010762ea87 chromedriver + 4835975
22  chromedriver                        0x000000010763e00f chromedriver + 4898831
23  libsystem_pthread.dylib             0x00007ff811d6b259 _pthread_start + 125
24  libsystem_pthread.dylib             0x00007ff811d66c7b thread_start + 15



        </pre>
    </div>
    <!--css div popup end-->

    </td>
</tr>

<tr id='ft1.5' class='text text-success'>
    <td class='text text-warning'><div class='testcase'>test_python_section_3_24</div></td>
    <td colspan='5' align='center'>

    <!--css div popup start-->
    <a class="popup_link btn btn-xs btn-default" onfocus='this.blur();' href="javascript:showTestDetail('div_ft1.5')" >
        error</a>

    <div id='div_ft1.5' class="popup_window">
        <div style='text-align: right;cursor:pointer'>
        <a onfocus='this.blur();' onclick="document.getElementById('div_ft1.5').style.display = 'none' " >
           [x]</a>
        </div>
        <pre>
        
ft1.5: /Users/mac/Desktop/pythonProject/UI_auto_test/config/test_environment_address.xlsx
/Users/mac/Desktop/pythonProject/UI_auto_test/config/test_environment_address.xlsx
/Users/mac/Desktop/pythonProject/UI_auto_test/config/test_environment_address.xlsx
/Users/mac/Desktop/pythonProject/UI_auto_test/config/test_environment_address.xlsx
/Users/mac/Desktop/pythonProject/UI_auto_test/config/test_environment_address.xlsx
Traceback (most recent call last):
  File "/Users/mac/Desktop/pythonProject/UI_auto_test/test_case/test_program_development.py", line 21, in test_python_section_3_24
    ProgramDevelopment(self.driver).python_section_3_24()
  File "/Users/mac/Desktop/pythonProject/UI_auto_test/pubilc/pages/business_functions/program_development.py", line 102, in python_section_3_24
    selenium_auto_cource_element.click()
  File "/Users/mac/Desktop/pythonProject/UI_auto_test/venv/lib/python3.10/site-packages/selenium/webdriver/remote/webelement.py", line 94, in click
    self._execute(Command.CLICK_ELEMENT)
  File "/Users/mac/Desktop/pythonProject/UI_auto_test/venv/lib/python3.10/site-packages/selenium/webdriver/remote/webelement.py", line 404, in _execute
    return self._parent.execute(command, params)
  File "/Users/mac/Desktop/pythonProject/UI_auto_test/venv/lib/python3.10/site-packages/selenium/webdriver/remote/webdriver.py", line 440, in execute
    self.error_handler.check_response(response)
  File "/Users/mac/Desktop/pythonProject/UI_auto_test/venv/lib/python3.10/site-packages/selenium/webdriver/remote/errorhandler.py", line 245, in check_response
    raise exception_class(message, screen, stacktrace)
selenium.common.exceptions.StaleElementReferenceException: Message: stale element reference: element is not attached to the page document
  (Session info: headless chrome=112.0.5615.49)
Stacktrace:
0   chromedriver                        0x00000001039a4ae8 chromedriver + 4958952
1   chromedriver                        0x000000010399c7b3 chromedriver + 4925363
2   chromedriver                        0x000000010355e1d6 chromedriver + 475606
3   chromedriver                        0x0000000103562274 chromedriver + 492148
4   chromedriver                        0x0000000103561e56 chromedriver + 491094
5   chromedriver                        0x00000001035622fc chromedriver + 492284
6   chromedriver                        0x00000001035a3e29 chromedriver + 761385
7   chromedriver                        0x0000000103594181 chromedriver + 696705
8   chromedriver                        0x00000001035c7c12 chromedriver + 908306
9   chromedriver                        0x00000001035938f1 chromedriver + 694513
10  chromedriver                        0x00000001035c7dce chromedriver + 908750
11  chromedriver                        0x00000001035e325b chromedriver + 1020507
12  chromedriver                        0x00000001035c79e3 chromedriver + 907747
13  chromedriver                        0x0000000103591aef chromedriver + 686831
14  chromedriver                        0x000000010359300e chromedriver + 692238
15  chromedriver                        0x00000001039609ad chromedriver + 4680109
16  chromedriver                        0x0000000103965c12 chromedriver + 4701202
17  chromedriver                        0x000000010396c79f chromedriver + 4728735
18  chromedriver                        0x0000000103966b7a chromedriver + 4705146
19  chromedriver                        0x000000010393927e chromedriver + 4518526
20  chromedriver                        0x0000000103986908 chromedriver + 4835592
21  chromedriver                        0x0000000103986a87 chromedriver + 4835975
22  chromedriver                        0x000000010399600f chromedriver + 4898831
23  libsystem_pthread.dylib             0x00007ff811d6b259 _pthread_start + 125
24  libsystem_pthread.dylib             0x00007ff811d66c7b thread_start + 15



        </pre>
    </div>
    <!--css div popup end-->

    </td>
</tr>

<tr id='ft1.6' class='text text-success'>
    <td class='text text-warning'><div class='testcase'>test_python_section_3_25</div></td>
    <td colspan='5' align='center'>

    <!--css div popup start-->
    <a class="popup_link btn btn-xs btn-default" onfocus='this.blur();' href="javascript:showTestDetail('div_ft1.6')" >
        error</a>

    <div id='div_ft1.6' class="popup_window">
        <div style='text-align: right;cursor:pointer'>
        <a onfocus='this.blur();' onclick="document.getElementById('div_ft1.6').style.display = 'none' " >
           [x]</a>
        </div>
        <pre>
        
ft1.6: /Users/mac/Desktop/pythonProject/UI_auto_test/config/test_environment_address.xlsx
/Users/mac/Desktop/pythonProject/UI_auto_test/config/test_environment_address.xlsx
/Users/mac/Desktop/pythonProject/UI_auto_test/config/test_environment_address.xlsx
/Users/mac/Desktop/pythonProject/UI_auto_test/config/test_environment_address.xlsx
/Users/mac/Desktop/pythonProject/UI_auto_test/config/test_environment_address.xlsx
/Users/mac/Desktop/pythonProject/UI_auto_test/config/test_environment_address.xlsx
Traceback (most recent call last):
  File "/Users/mac/Desktop/pythonProject/UI_auto_test/test_case/test_program_development.py", line 24, in test_python_section_3_25
    ProgramDevelopment(self.driver).python_section_3_25()
  File "/Users/mac/Desktop/pythonProject/UI_auto_test/pubilc/pages/business_functions/program_development.py", line 122, in python_section_3_25
    selenium_auto_cource_element.click()
  File "/Users/mac/Desktop/pythonProject/UI_auto_test/venv/lib/python3.10/site-packages/selenium/webdriver/remote/webelement.py", line 94, in click
    self._execute(Command.CLICK_ELEMENT)
  File "/Users/mac/Desktop/pythonProject/UI_auto_test/venv/lib/python3.10/site-packages/selenium/webdriver/remote/webelement.py", line 404, in _execute
    return self._parent.execute(command, params)
  File "/Users/mac/Desktop/pythonProject/UI_auto_test/venv/lib/python3.10/site-packages/selenium/webdriver/remote/webdriver.py", line 440, in execute
    self.error_handler.check_response(response)
  File "/Users/mac/Desktop/pythonProject/UI_auto_test/venv/lib/python3.10/site-packages/selenium/webdriver/remote/errorhandler.py", line 245, in check_response
    raise exception_class(message, screen, stacktrace)
selenium.common.exceptions.StaleElementReferenceException: Message: stale element reference: element is not attached to the page document
  (Session info: headless chrome=112.0.5615.49)
Stacktrace:
0   chromedriver                        0x0000000108450ae8 chromedriver + 4958952
1   chromedriver                        0x00000001084487b3 chromedriver + 4925363
2   chromedriver                        0x000000010800a1d6 chromedriver + 475606
3   chromedriver                        0x000000010800e274 chromedriver + 492148
4   chromedriver                        0x000000010800de56 chromedriver + 491094
5   chromedriver                        0x000000010800e2fc chromedriver + 492284
6   chromedriver                        0x000000010804fe29 chromedriver + 761385
7   chromedriver                        0x0000000108040181 chromedriver + 696705
8   chromedriver                        0x0000000108073c12 chromedriver + 908306
9   chromedriver                        0x000000010803f8f1 chromedriver + 694513
10  chromedriver                        0x0000000108073dce chromedriver + 908750
11  chromedriver                        0x000000010808f25b chromedriver + 1020507
12  chromedriver                        0x00000001080739e3 chromedriver + 907747
13  chromedriver                        0x000000010803daef chromedriver + 686831
14  chromedriver                        0x000000010803f00e chromedriver + 692238
15  chromedriver                        0x000000010840c9ad chromedriver + 4680109
16  chromedriver                        0x0000000108411c12 chromedriver + 4701202
17  chromedriver                        0x000000010841879f chromedriver + 4728735
18  chromedriver                        0x0000000108412b7a chromedriver + 4705146
19  chromedriver                        0x00000001083e527e chromedriver + 4518526
20  chromedriver                        0x0000000108432908 chromedriver + 4835592
21  chromedriver                        0x0000000108432a87 chromedriver + 4835975
22  chromedriver                        0x000000010844200f chromedriver + 4898831
23  libsystem_pthread.dylib             0x00007ff811d6b259 _pthread_start + 125
24  libsystem_pthread.dylib             0x00007ff811d66c7b thread_start + 15



        </pre>
    </div>
    <!--css div popup end-->

    </td>
</tr>

    </tbody>
    <tfoot>
        <tr id='total_row'>
            <td>Total</td>
            <td>6</td>
            <td class="text text-success">1</td>
            <td class="text text-danger">0</td>
            <td class="text text-warning">5</td>
            <td>&nbsp;</td>
        </tr>
    </tfoot>
</table>

    <div id='ending'>&nbsp;</div>
</div>

</body>
</html>
